#
# There is insufficient memory for the Java Runtime Environment to continue.
# Native memory allocation (malloc) failed to allocate 142416 bytes for Chunk::new
# Possible reasons:
#   The system is out of physical RAM or swap space
#   In 32 bit mode, the process size limit was hit
# Possible solutions:
#   Reduce memory load on the system
#   Increase physical memory or swap space
#   Check if swap backing store is full
#   Use 64 bit Java on a 64 bit OS
#   Decrease Java heap size (-Xmx/-Xms)
#   Decrease number of Java threads
#   Decrease Java thread stack sizes (-Xss)
#   Set larger code cache with -XX:ReservedCodeCacheSize=
# This output file may be truncated or incomplete.
#
#  Out of Memory Error (allocation.cpp:390), pid=11488, tid=0x0000000000007048
#
# JRE version: OpenJDK Runtime Environment (8.0_152-b01) (build 1.8.0_152-release-915-b01)
# Java VM: OpenJDK 64-Bit Server VM (25.152-b01 mixed mode windows-amd64 compressed oops)
# Failed to write core dump. Minidumps are not enabled by default on client versions of Windows
#

---------------  T H R E A D  ---------------

Current thread (0x00000000168c0000):  JavaThread "C2 CompilerThread0" daemon [_thread_in_native, id=28744, stack(0x0000000018200000,0x0000000018300000)]

Stack: [0x0000000018200000,0x0000000018300000]
[error occurred during error reporting (printing stack bounds), id 0xc0000005]

Native frames: (J=compiled Java code, j=interpreted, Vv=VM code, C=native code)


Current CompileTask:
C2:  79728 4351       4       java.lang.reflect.Executable::printModifiersIfNonzero (101 bytes)


---------------  P R O C E S S  ---------------

Java Threads: ( => current thread )
  0x000000001aa29800 JavaThread "Memory manager" [_thread_blocked, id=28316, stack(0x0000000020df0000,0x0000000020ef0000)]
  0x000000001aa29000 JavaThread "pool-1-thread-1" [_thread_blocked, id=3004, stack(0x0000000020af0000,0x0000000020bf0000)]
  0x000000001aa24800 JavaThread "build operations Thread 4" [_thread_blocked, id=30156, stack(0x00000000209f0000,0x0000000020af0000)]
  0x000000001aa28000 JavaThread "build operations Thread 3" [_thread_blocked, id=25712, stack(0x00000000208f0000,0x00000000209f0000)]
  0x000000001aa21800 JavaThread "build operations Thread 2" [_thread_blocked, id=18116, stack(0x00000000207f0000,0x00000000208f0000)]
  0x000000001aa27800 JavaThread "build operations" [_thread_blocked, id=30168, stack(0x00000000206f0000,0x00000000207f0000)]
  0x000000001aec8800 JavaThread "Cache worker for Artifact transforms cache (C:\Users\ì°¬ì‹\.gradle\caches\transforms-1)" [_thread_blocked, id=22676, stack(0x00000000203f0000,0x00000000204f0000)]
  0x000000001aec8000 JavaThread "Cache worker for file hash cache (C:\project\NewSnailMail(2017-12-20)\.gradle\4.1\fileHashes)" [_thread_blocked, id=6232, stack(0x00000000202f0000,0x00000000203f0000)]
  0x000000001aec9800 JavaThread "Stdin handler" [_thread_blocked, id=30408, stack(0x00000000201f0000,0x00000000202f0000)]
  0x000000001aecb000 JavaThread "Asynchronous log dispatcher for DefaultDaemonConnection: socket connection from /127.0.0.1:1931 to /127.0.0.1:1996" [_thread_blocked, id=20976, stack(0x00000000200f0000,0x00000000201f0000)]
  0x000000001aec7000 JavaThread "Daemon worker Thread 2" [_thread_in_Java, id=11972, stack(0x000000001fff0000,0x00000000200f0000)]
  0x000000001aec6800 JavaThread "Cancel handler" [_thread_blocked, id=17968, stack(0x000000001fef0000,0x000000001fff0000)]
  0x000000001aeca000 JavaThread "Handler for socket connection from /127.0.0.1:1931 to /127.0.0.1:1996" [_thread_in_native, id=16072, stack(0x000000001fdf0000,0x000000001fef0000)]
  0x000000001aecd000 JavaThread "Daemon Thread 2" [_thread_blocked, id=21888, stack(0x000000001fcf0000,0x000000001fdf0000)]
  0x0000000019ebf000 JavaThread "File lock request listener" [_thread_in_native, id=228, stack(0x000000001beb0000,0x000000001bfb0000)]
  0x0000000019869800 JavaThread "Cache worker for file hash cache (C:\Users\ì°¬ì‹\.gradle\caches\4.1\fileHashes)" [_thread_blocked, id=28776, stack(0x000000001bdb0000,0x000000001beb0000)]
  0x000000001a08c800 JavaThread "Daemon periodic checks" [_thread_blocked, id=17772, stack(0x000000001b2b0000,0x000000001b3b0000)]
  0x000000001949d000 JavaThread "Incoming local TCP Connector on port 1931" [_thread_in_native, id=30604, stack(0x0000000019ed0000,0x0000000019fd0000)]
  0x0000000017c91000 JavaThread "Service Thread" daemon [_thread_blocked, id=5868, stack(0x0000000018500000,0x0000000018600000)]
  0x0000000017c13800 JavaThread "C1 CompilerThread2" daemon [_thread_in_vm, id=14636, stack(0x0000000018400000,0x0000000018500000)]
  0x000000001690c000 JavaThread "C2 CompilerThread1" daemon [_thread_in_native, id=11288, stack(0x0000000018300000,0x0000000018400000)]
=>0x00000000168c0000 JavaThread "C2 CompilerThread0" daemon [_thread_in_native, id=28744, stack(0x0000000018200000,0x0000000018300000)]
  0x00000000168bf800 JavaThread "Attach Listener" daemon [_thread_blocked, id=28140, stack(0x0000000018100000,0x0000000018200000)]
  0x0000000017c08800 JavaThread "Signal Dispatcher" daemon [_thread_blocked, id=29468, stack(0x0000000018000000,0x0000000018100000)]
  0x0000000002f3c000 JavaThread "Finalizer" daemon [_thread_blocked, id=24932, stack(0x0000000017b00000,0x0000000017c00000)]
  0x0000000002f31000 JavaThread "Reference Handler" daemon [_thread_blocked, id=11908, stack(0x0000000017a00000,0x0000000017b00000)]
  0x0000000002e3d800 JavaThread "main" [_thread_blocked, id=30128, stack(0x0000000002c40000,0x0000000002d40000)]

Other Threads:
  0x0000000016875800 VMThread [stack: 0x0000000017900000,0x0000000017a00000] [id=29800]
  0x0000000017c92000 WatcherThread [stack: 0x0000000018600000,0x0000000018700000] [id=26876]

VM state:not at safepoint (normal execution)

VM Mutex/Monitor currently owned by a thread: None

Heap:
 PSYoungGen      total 164864K, used 34993K [0x00000000e0000000, 0x00000000ecf00000, 0x0000000100000000)
  eden space 150016K, 23% used [0x00000000e0000000,0x00000000e222c5e0,0x00000000e9280000)
  from space 14848K, 0% used [0x00000000ea180000,0x00000000ea180000,0x00000000eb000000)
  to   space 15360K, 0% used [0x00000000e9280000,0x00000000e9280000,0x00000000ea180000)
 ParOldGen       total 100352K, used 17211K [0x00000000a0000000, 0x00000000a6200000, 0x00000000e0000000)
  object space 100352K, 17% used [0x00000000a0000000,0x00000000a10ced30,0x00000000a6200000)
 Metaspace       used 38879K, capacity 39872K, committed 40192K, reserved 1083392K
  class space    used 5255K, capacity 5628K, committed 5632K, reserved 1048576K

Card table byte_map: [0x0000000012300000,0x0000000012610000] byte_map_base: 0x0000000011e00000

Marking Bits: (ParMarkBitMap*) 0x0000000069c03950
 Begin Bits: [0x0000000012c10000, 0x0000000014410000)
 End Bits:   [0x0000000014410000, 0x0000000015c10000)

Polling page: 0x0000000002820000

CodeCache: size=245760Kb used=15138Kb max_used=15138Kb free=230621Kb
 bounds [0x0000000002f40000, 0x0000000003e20000, 0x0000000011f40000]
 total_blobs=4751 nmethods=4036 adapters=628
 compilation: enabled

Compilation events (10 events):
Event: 79.704 Thread 0x0000000017c13800 nmethod 4361 0x0000000003dfea90 code [0x0000000003dfec20, 0x0000000003dff188]
Event: 79.704 Thread 0x0000000017c13800 4363       3       org.gradle.model.internal.asm.AsmClassGeneratorUtils::visitType (418 bytes)
Event: 79.709 Thread 0x0000000017c13800 nmethod 4363 0x0000000003dff3d0 code [0x0000000003dffc40, 0x0000000003e05ea8]
Event: 79.709 Thread 0x0000000017c13800 4366       3       org.gradle.model.internal.method.WeaklyTypeReferencingMethod$1::<init> (10 bytes)
Event: 79.709 Thread 0x0000000017c13800 nmethod 4366 0x0000000003e09c50 code [0x0000000003e09da0, 0x0000000003e09f70]
Event: 79.709 Thread 0x0000000017c13800 4367       3       org.gradle.model.internal.method.WeaklyTypeReferencingMethod::<init> (82 bytes)
Event: 79.711 Thread 0x0000000017c13800 nmethod 4367 0x0000000003e0a010 code [0x0000000003e0a360, 0x0000000003e0c018]
Event: 79.711 Thread 0x0000000017c13800 4362       3       java.util.EnumMap::typeCheck (59 bytes)
Event: 79.712 Thread 0x0000000017c13800 nmethod 4362 0x0000000003e0d250 code [0x0000000003e0d4a0, 0x0000000003e0e3b8]
Event: 79.712 Thread 0x0000000017c13800 4371       3       sun.reflect.generics.repository.AbstractRepository::<init> (19 bytes)

GC Heap History (10 events):
Event: 3.488 GC heap before
{Heap before GC invocations=4 (full 1):
 PSYoungGen      total 76288K, used 7052K [0x00000000e0000000, 0x00000000e9500000, 0x0000000100000000)
  eden space 65536K, 0% used [0x00000000e0000000,0x00000000e0000000,0x00000000e4000000)
  from space 10752K, 65% used [0x00000000e4000000,0x00000000e46e31d0,0x00000000e4a80000)
  to   space 10752K, 0% used [0x00000000e8a80000,0x00000000e8a80000,0x00000000e9500000)
 ParOldGen       total 175104K, used 1455K [0x00000000a0000000, 0x00000000aab00000, 0x00000000e0000000)
  object space 175104K, 0% used [0x00000000a0000000,0x00000000a016bf28,0x00000000aab00000)
 Metaspace       used 20699K, capacity 21124K, committed 21248K, reserved 1067008K
  class space    used 2863K, capacity 3039K, committed 3072K, reserved 1048576K
Event: 3.569 GC heap after
Heap after GC invocations=4 (full 1):
 PSYoungGen      total 76288K, used 0K [0x00000000e0000000, 0x00000000e9500000, 0x0000000100000000)
  eden space 65536K, 0% used [0x00000000e0000000,0x00000000e0000000,0x00000000e4000000)
  from space 10752K, 0% used [0x00000000e4000000,0x00000000e4000000,0x00000000e4a80000)
  to   space 10752K, 0% used [0x00000000e8a80000,0x00000000e8a80000,0x00000000e9500000)
 ParOldGen       total 100352K, used 6959K [0x00000000a0000000, 0x00000000a6200000, 0x00000000e0000000)
  object space 100352K, 6% used [0x00000000a0000000,0x00000000a06cbd58,0x00000000a6200000)
 Metaspace       used 20699K, capacity 21124K, committed 21248K, reserved 1067008K
  class space    used 2863K, capacity 3039K, committed 3072K, reserved 1048576K
}
Event: 71.489 GC heap before
{Heap before GC invocations=5 (full 1):
 PSYoungGen      total 76288K, used 65536K [0x00000000e0000000, 0x00000000e9500000, 0x0000000100000000)
  eden space 65536K, 100% used [0x00000000e0000000,0x00000000e4000000,0x00000000e4000000)
  from space 10752K, 0% used [0x00000000e4000000,0x00000000e4000000,0x00000000e4a80000)
  to   space 10752K, 0% used [0x00000000e8a80000,0x00000000e8a80000,0x00000000e9500000)
 ParOldGen       total 100352K, used 6959K [0x00000000a0000000, 0x00000000a6200000, 0x00000000e0000000)
  object space 100352K, 6% used [0x00000000a0000000,0x00000000a06cbd58,0x00000000a6200000)
 Metaspace       used 25170K, capacity 25726K, committed 25984K, reserved 1071104K
  class space    used 3466K, capacity 3658K, committed 3712K, reserved 1048576K
Event: 71.505 GC heap after
Heap after GC invocations=5 (full 1):
 PSYoungGen      total 107008K, used 6065K [0x00000000e0000000, 0x00000000e9080000, 0x0000000100000000)
  eden space 100864K, 0% used [0x00000000e0000000,0x00000000e0000000,0x00000000e6280000)
  from space 6144K, 98% used [0x00000000e8a80000,0x00000000e906c780,0x00000000e9080000)
  to   space 10752K, 0% used [0x00000000e7b80000,0x00000000e7b80000,0x00000000e8600000)
 ParOldGen       total 100352K, used 6967K [0x00000000a0000000, 0x00000000a6200000, 0x00000000e0000000)
  object space 100352K, 6% used [0x00000000a0000000,0x00000000a06cdd58,0x00000000a6200000)
 Metaspace       used 25170K, capacity 25726K, committed 25984K, reserved 1071104K
  class space    used 3466K, capacity 3658K, committed 3712K, reserved 1048576K
}
Event: 74.512 GC heap before
{Heap before GC invocations=6 (full 1):
 PSYoungGen      total 107008K, used 106929K [0x00000000e0000000, 0x00000000e9080000, 0x0000000100000000)
  eden space 100864K, 100% used [0x00000000e0000000,0x00000000e6280000,0x00000000e6280000)
  from space 6144K, 98% used [0x00000000e8a80000,0x00000000e906c780,0x00000000e9080000)
  to   space 10752K, 0% used [0x00000000e7b80000,0x00000000e7b80000,0x00000000e8600000)
 ParOldGen       total 100352K, used 6967K [0x00000000a0000000, 0x00000000a6200000, 0x00000000e0000000)
  object space 100352K, 6% used [0x00000000a0000000,0x00000000a06cdd58,0x00000000a6200000)
 Metaspace       used 31915K, capacity 32660K, committed 32896K, reserved 1077248K
  class space    used 4376K, capacity 4646K, committed 4736K, reserved 1048576K
Event: 74.542 GC heap after
Heap after GC invocations=6 (full 1):
 PSYoungGen      total 137216K, used 10748K [0x00000000e0000000, 0x00000000eb000000, 0x0000000100000000)
  eden space 126464K, 0% used [0x00000000e0000000,0x00000000e0000000,0x00000000e7b80000)
  from space 10752K, 99% used [0x00000000e7b80000,0x00000000e85ff168,0x00000000e8600000)
  to   space 14848K, 0% used [0x00000000ea180000,0x00000000ea180000,0x00000000eb000000)
 ParOldGen       total 100352K, used 8431K [0x00000000a0000000, 0x00000000a6200000, 0x00000000e0000000)
  object space 100352K, 8% used [0x00000000a0000000,0x00000000a083bc48,0x00000000a6200000)
 Metaspace       used 31915K, capacity 32660K, committed 32896K, reserved 1077248K
  class space    used 4376K, capacity 4646K, committed 4736K, reserved 1048576K
}
Event: 79.045 GC heap before
{Heap before GC invocations=7 (full 1):
 PSYoungGen      total 137216K, used 58747K [0x00000000e0000000, 0x00000000eb000000, 0x0000000100000000)
  eden space 126464K, 37% used [0x00000000e0000000,0x00000000e2edfdd0,0x00000000e7b80000)
  from space 10752K, 99% used [0x00000000e7b80000,0x00000000e85ff168,0x00000000e8600000)
  to   space 14848K, 0% used [0x00000000ea180000,0x00000000ea180000,0x00000000eb000000)
 ParOldGen       total 100352K, used 8431K [0x00000000a0000000, 0x00000000a6200000, 0x00000000e0000000)
  object space 100352K, 8% used [0x00000000a0000000,0x00000000a083bc48,0x00000000a6200000)
 Metaspace       used 34384K, capacity 35262K, committed 35416K, reserved 1079296K
  class space    used 4677K, capacity 5026K, committed 5120K, reserved 1048576K
Event: 79.056 GC heap after
Heap after GC invocations=7 (full 1):
 PSYoungGen      total 164864K, used 10924K [0x00000000e0000000, 0x00000000ecf00000, 0x0000000100000000)
  eden space 150016K, 0% used [0x00000000e0000000,0x00000000e0000000,0x00000000e9280000)
  from space 14848K, 73% used [0x00000000ea180000,0x00000000eac2b388,0x00000000eb000000)
  to   space 15360K, 0% used [0x00000000e9280000,0x00000000e9280000,0x00000000ea180000)
 ParOldGen       total 100352K, used 8503K [0x00000000a0000000, 0x00000000a6200000, 0x00000000e0000000)
  object space 100352K, 8% used [0x00000000a0000000,0x00000000a084dc58,0x00000000a6200000)
 Metaspace       used 34384K, capacity 35262K, committed 35416K, reserved 1079296K
  class space    used 4677K, capacity 5026K, committed 5120K, reserved 1048576K
}
Event: 79.056 GC heap before
{Heap before GC invocations=8 (full 2):
 PSYoungGen      total 164864K, used 10924K [0x00000000e0000000, 0x00000000ecf00000, 0x0000000100000000)
  eden space 150016K, 0% used [0x00000000e0000000,0x00000000e0000000,0x00000000e9280000)
  from space 14848K, 73% used [0x00000000ea180000,0x00000000eac2b388,0x00000000eb000000)
  to   space 15360K, 0% used [0x00000000e9280000,0x00000000e9280000,0x00000000ea180000)
 ParOldGen       total 100352K, used 8503K [0x00000000a0000000, 0x00000000a6200000, 0x00000000e0000000)
  object space 100352K, 8% used [0x00000000a0000000,0x00000000a084dc58,0x00000000a6200000)
 Metaspace       used 34384K, capacity 35262K, committed 35416K, reserved 1079296K
  class space    used 4677K, capacity 5026K, committed 5120K, reserved 1048576K
Event: 79.120 GC heap after
Heap after GC invocations=8 (full 2):
 PSYoungGen      total 164864K, used 0K [0x00000000e0000000, 0x00000000ecf00000, 0x0000000100000000)
  eden space 150016K, 0% used [0x00000000e0000000,0x00000000e0000000,0x00000000e9280000)
  from space 14848K, 0% used [0x00000000ea180000,0x00000000ea180000,0x00000000eb000000)
  to   space 15360K, 0% used [0x00000000e9280000,0x00000000e9280000,0x00000000ea180000)
 ParOldGen       total 100352K, used 17211K [0x00000000a0000000, 0x00000000a6200000, 0x00000000e0000000)
  object space 100352K, 17% used [0x00000000a0000000,0x00000000a10ced30,0x00000000a6200000)
 Metaspace       used 34384K, capacity 35262K, committed 35416K, reserved 1079296K
  class space    used 4677K, capacity 5026K, committed 5120K, reserved 1048576K
}

Deoptimization events (10 events):
Event: 78.992 Thread 0x000000001aec7000 Uncommon trap: reason=unstable_if action=reinterpret pc=0x000000000396f0b4 method=groovy.lang.MetaClassImpl$1MOPIter.methodNameAction(Ljava/lang/Class;Lorg/codehaus/groovy/runtime/metaclass/MetaMethodIndex$Entry;)V @ 259
Event: 79.120 Thread 0x0000000002f31000 Uncommon trap: reason=unstable_if action=reinterpret pc=0x000000000380df34 method=java.lang.ref.Reference.tryHandlePending(Z)Z @ 20
Event: 79.177 Thread 0x000000001aec7000 Uncommon trap: reason=unstable_if action=reinterpret pc=0x00000000039a2c90 method=java.lang.Integer.valueOf(I)Ljava/lang/Integer; @ 3
Event: 79.181 Thread 0x000000001aec7000 Uncommon trap: reason=predicate action=maybe_recompile pc=0x0000000003819250 method=java.util.Arrays.binarySearch0([Ljava/lang/Object;IILjava/lang/Object;Ljava/util/Comparator;)I @ 28
Event: 79.537 Thread 0x000000001aec7000 Uncommon trap: reason=unstable_if action=reinterpret pc=0x00000000036cc534 method=java.util.concurrent.ConcurrentHashMap.get(Ljava/lang/Object;)Ljava/lang/Object; @ 76
Event: 79.678 Thread 0x000000001aec7000 Uncommon trap: reason=bimorphic action=maybe_recompile pc=0x0000000003af7e3c method=java.util.HashMap.removeNode(ILjava/lang/Object;Ljava/lang/Object;ZZ)Ljava/util/HashMap$Node; @ 68
Event: 79.692 Thread 0x000000001aec7000 Uncommon trap: reason=unstable_if action=reinterpret pc=0x000000000392a434 method=java.util.HashMap.putVal(ILjava/lang/Object;Ljava/lang/Object;ZZ)Ljava/lang/Object; @ 162
Event: 79.692 Thread 0x000000001aec7000 Uncommon trap: reason=unstable_if action=reinterpret pc=0x000000000392d59c method=java.util.HashMap.putVal(ILjava/lang/Object;Ljava/lang/Object;ZZ)Ljava/lang/Object; @ 162
Event: 79.693 Thread 0x000000001aec7000 Uncommon trap: reason=unstable_if action=reinterpret pc=0x0000000003426f6c method=java.util.HashMap.resize()[Ljava/util/HashMap$Node; @ 206
Event: 79.705 Thread 0x000000001aec7000 Uncommon trap: reason=bimorphic action=maybe_recompile pc=0x0000000003af7e3c method=java.util.HashMap.removeNode(ILjava/lang/Object;Ljava/lang/Object;ZZ)Ljava/util/HashMap$Node; @ 68

Classes redefined (0 events):
No events

Internal exceptions (10 events):
Event: 78.999 Thread 0x000000001aec7000 Exception <a 'java/lang/ClassNotFoundException': org/gradle/api/internal/project/ant/BasicAntBuilderBeanInfo> (0x00000000e2bd13b8) thrown at [D:\src\AOSP-openjdk-cygwin\jdk8u\hotspot\src\share\vm\classfile\systemDictionary.cpp, line 210]
Event: 79.000 Thread 0x000000001aec7000 Exception <a 'java/lang/ClassNotFoundException': org/gradle/api/AntBuilderBeanInfo> (0x00000000e2bf1a50) thrown at [D:\src\AOSP-openjdk-cygwin\jdk8u\hotspot\src\share\vm\classfile\systemDictionary.cpp, line 210]
Event: 79.001 Thread 0x000000001aec7000 Exception <a 'java/lang/ClassNotFoundException': groovy/util/AntBuilderBeanInfo> (0x00000000e2c10bb8) thrown at [D:\src\AOSP-openjdk-cygwin\jdk8u\hotspot\src\share\vm\classfile\systemDictionary.cpp, line 210]
Event: 79.002 Thread 0x000000001aec7000 Exception <a 'java/lang/ClassNotFoundException': groovy/util/BuilderSupportBeanInfo> (0x00000000e2c31228) thrown at [D:\src\AOSP-openjdk-cygwin\jdk8u\hotspot\src\share\vm\classfile\systemDictionary.cpp, line 210]
Event: 79.003 Thread 0x000000001aec7000 Exception <a 'java/lang/ClassNotFoundException': groovy/util/BuilderSupportCustomizer> (0x00000000e2c53740) thrown at [D:\src\AOSP-openjdk-cygwin\jdk8u\hotspot\src\share\vm\classfile\systemDictionary.cpp, line 210]
Event: 79.004 Thread 0x000000001aec7000 Exception <a 'java/lang/ClassNotFoundException': groovy/util/AntBuilderCustomizer> (0x00000000e2c76a38) thrown at [D:\src\AOSP-openjdk-cygwin\jdk8u\hotspot\src\share\vm\classfile\systemDictionary.cpp, line 210]
Event: 79.005 Thread 0x000000001aec7000 Exception <a 'java/lang/ClassNotFoundException': org/gradle/api/AntBuilderCustomizer> (0x00000000e2c9ef50) thrown at [D:\src\AOSP-openjdk-cygwin\jdk8u\hotspot\src\share\vm\classfile\systemDictionary.cpp, line 210]
Event: 79.007 Thread 0x000000001aec7000 Exception <a 'java/lang/ClassNotFoundException': org/gradle/api/internal/project/ant/BasicAntBuilderCustomizer> (0x00000000e2cdb520) thrown at [D:\src\AOSP-openjdk-cygwin\jdk8u\hotspot\src\share\vm\classfile\systemDictionary.cpp, line 210]
Event: 79.011 Thread 0x000000001aec7000 Exception <a 'java/lang/ClassNotFoundException': org/gradle/api/internal/project/DefaultAntBuilderCustomizer> (0x00000000e2d1e7d0) thrown at [D:\src\AOSP-openjdk-cygwin\jdk8u\hotspot\src\share\vm\classfile\systemDictionary.cpp, line 210]
Event: 79.315 Thread 0x000000001aec7000 Exception <a 'sun/nio/fs/WindowsException'> (0x00000000e08811f0) thrown at [D:\src\AOSP-openjdk-cygwin\jdk8u\hotspot\src\share\vm\prims\jni.cpp, line 709]

Events (10 events):
Event: 79.692 Thread 0x000000001aec7000 DEOPT PACKING pc=0x000000000392d59c sp=0x00000000200ea180
Event: 79.692 Thread 0x000000001aec7000 DEOPT UNPACKING pc=0x0000000002f8556a sp=0x00000000200ea118 mode 2
Event: 79.693 Thread 0x000000001aec7000 Uncommon trap: trap_request=0xffffff65 fr.pc=0x0000000003426f6c
Event: 79.693 Thread 0x000000001aec7000 DEOPT PACKING pc=0x0000000003426f6c sp=0x00000000200ea0f0
Event: 79.693 Thread 0x000000001aec7000 DEOPT UNPACKING pc=0x0000000002f8556a sp=0x00000000200ea060 mode 2
Event: 79.705 Thread 0x000000001aec7000 Uncommon trap: trap_request=0xffffffc6 fr.pc=0x0000000003af7e3c
Event: 79.705 Thread 0x000000001aec7000 DEOPT PACKING pc=0x0000000003af7e3c sp=0x00000000200ea2e0
Event: 79.705 Thread 0x000000001aec7000 DEOPT UNPACKING pc=0x0000000002f8556a sp=0x00000000200ea1d8 mode 2
Event: 79.711 loading class org/gradle/api/file/SourceDirectorySet
Event: 79.711 loading class org/gradle/api/file/SourceDirectorySet done


Dynamic libraries:
0x00007ff735e60000 - 0x00007ff735e91000 	C:\Program Files\Android\Android Studio1\jre\bin\java.exe
0x00007ffe2f360000 - 0x00007ffe2f541000 	C:\WINDOWS\SYSTEM32\ntdll.dll
0x00007ffe2c7f0000 - 0x00007ffe2c8a2000 	C:\WINDOWS\System32\KERNEL32.DLL
0x00007ffe2c470000 - 0x00007ffe2c6e3000 	C:\WINDOWS\System32\KERNELBASE.dll
0x00007ffe2cb50000 - 0x00007ffe2cbf1000 	C:\WINDOWS\System32\ADVAPI32.dll
0x00007ffe2ce40000 - 0x00007ffe2cede000 	C:\WINDOWS\System32\msvcrt.dll
0x00007ffe2f2d0000 - 0x00007ffe2f32b000 	C:\WINDOWS\System32\sechost.dll
0x00007ffe2cef0000 - 0x00007ffe2d014000 	C:\WINDOWS\System32\RPCRT4.dll
0x00007ffe2d030000 - 0x00007ffe2d1c0000 	C:\WINDOWS\System32\USER32.dll
0x00007ffe2bfe0000 - 0x00007ffe2c000000 	C:\WINDOWS\System32\win32u.dll
0x00007ffe2ec20000 - 0x00007ffe2ec48000 	C:\WINDOWS\System32\GDI32.dll
0x00007ffe2b730000 - 0x00007ffe2b8c2000 	C:\WINDOWS\System32\gdi32full.dll
0x00007ffe2c160000 - 0x00007ffe2c1ff000 	C:\WINDOWS\System32\msvcp_win.dll
0x00007ffe2c000000 - 0x00007ffe2c0fa000 	C:\WINDOWS\System32\ucrtbase.dll
0x00007ffe1afa0000 - 0x00007ffe1b209000 	C:\WINDOWS\WinSxS\amd64_microsoft.windows.common-controls_6595b64144ccf1df_6.0.17134.48_none_b4b2216a3cb4dd3e\COMCTL32.dll
0x00007ffe2eda0000 - 0x00007ffe2f0c3000 	C:\WINDOWS\System32\combase.dll
0x00007ffe2c3f0000 - 0x00007ffe2c46a000 	C:\WINDOWS\System32\bcryptPrimitives.dll
0x00007ffe2ebf0000 - 0x00007ffe2ec1d000 	C:\WINDOWS\System32\IMM32.DLL
0x0000000069280000 - 0x0000000069352000 	C:\Program Files\Android\Android Studio1\jre\jre\bin\msvcr100.dll
0x0000000069440000 - 0x0000000069c7e000 	C:\Program Files\Android\Android Studio1\jre\jre\bin\server\jvm.dll
0x00007ffe2cee0000 - 0x00007ffe2cee8000 	C:\WINDOWS\System32\PSAPI.DLL
0x00007ffe1ae00000 - 0x00007ffe1ae09000 	C:\WINDOWS\SYSTEM32\WSOCK32.dll
0x00007ffe24f10000 - 0x00007ffe24f1a000 	C:\WINDOWS\SYSTEM32\VERSION.dll
0x00007ffe29900000 - 0x00007ffe29923000 	C:\WINDOWS\SYSTEM32\WINMM.dll
0x00007ffe2c990000 - 0x00007ffe2c9fc000 	C:\WINDOWS\System32\WS2_32.dll
0x00007ffe298d0000 - 0x00007ffe298fa000 	C:\WINDOWS\SYSTEM32\WINMMBASE.dll
0x00007ffe2c7a0000 - 0x00007ffe2c7e9000 	C:\WINDOWS\System32\cfgmgr32.dll
0x00007ffe28310000 - 0x00007ffe2831f000 	C:\Program Files\Android\Android Studio1\jre\jre\bin\verify.dll
0x00007ffe15ed0000 - 0x00007ffe15ef9000 	C:\Program Files\Android\Android Studio1\jre\jre\bin\java.dll
0x00007ffe1c270000 - 0x00007ffe1c286000 	C:\Program Files\Android\Android Studio1\jre\jre\bin\zip.dll
0x00007ffe2d610000 - 0x00007ffe2ea50000 	C:\WINDOWS\System32\SHELL32.dll
0x00007ffe2ecf0000 - 0x00007ffe2ed99000 	C:\WINDOWS\System32\shcore.dll
0x00007ffe2b8d0000 - 0x00007ffe2bfdd000 	C:\WINDOWS\System32\windows.storage.dll
0x00007ffe2f0d0000 - 0x00007ffe2f121000 	C:\WINDOWS\System32\shlwapi.dll
0x00007ffe2b710000 - 0x00007ffe2b721000 	C:\WINDOWS\System32\kernel.appcore.dll
0x00007ffe2b670000 - 0x00007ffe2b68f000 	C:\WINDOWS\System32\profapi.dll
0x00007ffe2b6b0000 - 0x00007ffe2b6fc000 	C:\WINDOWS\System32\powrprof.dll
0x00007ffe2b700000 - 0x00007ffe2b70a000 	C:\WINDOWS\System32\FLTLIB.DLL
0x00007ffe1b240000 - 0x00007ffe1b25a000 	C:\Program Files\Android\Android Studio1\jre\jre\bin\net.dll
0x00007ffe2aef0000 - 0x00007ffe2af56000 	C:\WINDOWS\system32\mswsock.dll
0x00007ffe18d60000 - 0x00007ffe18d71000 	C:\Program Files\Android\Android Studio1\jre\jre\bin\nio.dll
0x00007ffe1ee80000 - 0x00007ffe1ee9e000 	C:\Users\Âù½Ä\.gradle\native\25\windows-amd64\native-platform.dll
0x00007ffe229c0000 - 0x00007ffe229cd000 	C:\Program Files\Android\Android Studio1\jre\jre\bin\management.dll
0x00007ffe2b0a0000 - 0x00007ffe2b0b7000 	C:\WINDOWS\SYSTEM32\CRYPTSP.dll
0x00007ffe2aad0000 - 0x00007ffe2ab03000 	C:\WINDOWS\system32\rsaenh.dll
0x00007ffe2b1d0000 - 0x00007ffe2b1f5000 	C:\WINDOWS\SYSTEM32\bcrypt.dll
0x00007ffe2b570000 - 0x00007ffe2b598000 	C:\WINDOWS\SYSTEM32\USERENV.dll
0x00007ffe2b0c0000 - 0x00007ffe2b0cb000 	C:\WINDOWS\SYSTEM32\CRYPTBASE.dll
0x00007ffe2ac70000 - 0x00007ffe2aca8000 	C:\WINDOWS\SYSTEM32\IPHLPAPI.DLL
0x00007ffe2d020000 - 0x00007ffe2d028000 	C:\WINDOWS\System32\NSI.dll
0x00007ffe26aa0000 - 0x00007ffe26ab6000 	C:\WINDOWS\SYSTEM32\dhcpcsvc6.DLL
0x00007ffe26a70000 - 0x00007ffe26a8a000 	C:\WINDOWS\SYSTEM32\dhcpcsvc.DLL

VM Arguments:
jvm_args: -Xmx1536m -Dfile.encoding=x-windows-949 -Duser.country=KR -Duser.language=ko -Duser.variant 
java_command: org.gradle.launcher.daemon.bootstrap.GradleDaemon 4.1
java_class_path (initial): C:\Users\Âù½Ä\.gradle\wrapper\dists\gradle-4.1-all\bzyivzo6n839fup2jbap0tjew\gradle-4.1\lib\gradle-launcher-4.1.jar
Launcher Type: SUN_STANDARD

Environment Variables:
PATH=C:\ProgramData\Oracle\Java\javapath;C:\WINDOWS\system32;C:\WINDOWS;C:\WINDOWS\System32\Wbem;C:\WINDOWS\System32\WindowsPowerShell\v1.0\;C:\Program Files (x86)\ePapyrus\Papyrus-PlugIn-ntas;C:\Program Files (x86)\ePapyrus\Papyrus-PlugIn-ntas\Addins;C:\WINDOWS\System32\OpenSSH\;C:\Users\Âù½Ä\AppData\Local\Microsoft\WindowsApps;C:\Program Files\Bandizip\;
USERNAME=Âù½Ä
OS=Windows_NT
PROCESSOR_IDENTIFIER=Intel64 Family 6 Model 42 Stepping 7, GenuineIntel



---------------  S Y S T E M  ---------------

OS: Windows 10.0 , 64 bit Build 17134 (10.0.17134.1)

CPU:total 4 (initial active 4) (4 cores per cpu, 1 threads per core) family 6 model 42 stepping 7, cmov, cx8, fxsr, mmx, sse, sse2, sse3, ssse3, sse4.1, sse4.2, popcnt, avx, aes, clmul, tsc, tscinvbit

Memory: 4k page, physical 16757996k(11260788k free), swap 47886560k(4608k free)

vm_info: OpenJDK 64-Bit Server VM (25.152-b01) for windows-amd64 JRE (1.8.0_152-release-915-b01), built by "builder" with MS VC++ 10.0 (VS2010)

time: Wed May 30 10:51:36 2018
elapsed time: 79 seconds (0d 0h 1m 19s)

