#
# There is insufficient memory for the Java Runtime Environment to continue.
# Native memory allocation (malloc) failed to allocate 1048576 bytes for AllocateHeap
# Possible reasons:
#   The system is out of physical RAM or swap space
#   In 32 bit mode, the process size limit was hit
# Possible solutions:
#   Reduce memory load on the system
#   Increase physical memory or swap space
#   Check if swap backing store is full
#   Use 64 bit Java on a 64 bit OS
#   Decrease Java heap size (-Xmx/-Xms)
#   Decrease number of Java threads
#   Decrease Java thread stack sizes (-Xss)
#   Set larger code cache with -XX:ReservedCodeCacheSize=
# This output file may be truncated or incomplete.
#
#  Out of Memory Error (memory/allocation.inline.hpp:61), pid=19624, tid=0x00000000000059b0
#
# JRE version:  (8.0_152-b01) (build )
# Java VM: OpenJDK 64-Bit Server VM (25.152-b01 mixed mode windows-amd64 compressed oops)
# Failed to write core dump. Minidumps are not enabled by default on client versions of Windows
#

---------------  T H R E A D  ---------------

Current thread (0x0000000002afd800):  JavaThread "Unknown thread" [_thread_in_vm, id=22960, stack(0x00000000046d0000,0x00000000047d0000)]

Stack: [0x00000000046d0000,0x00000000047d0000]
[error occurred during error reporting (printing stack bounds), id 0xc0000005]

Native frames: (J=compiled Java code, j=interpreted, Vv=VM code, C=native code)


---------------  P R O C E S S  ---------------

Java Threads: ( => current thread )

Other Threads:

=>0x0000000002afd800 (exited) JavaThread "Unknown thread" [_thread_in_vm, id=22960, stack(0x00000000046d0000,0x00000000047d0000)]

VM state:not at safepoint (normal execution)

VM Mutex/Monitor currently owned by a thread: None

Heap:
 PSYoungGen      total 76288K, used 1310K [0x000000076ac00000, 0x0000000770100000, 0x00000007c0000000)
  eden space 65536K, 2% used [0x000000076ac00000,0x000000076ad47af0,0x000000076ec00000)
  from space 10752K, 0% used [0x000000076f680000,0x000000076f680000,0x0000000770100000)
  to   space 10752K, 0% used [0x000000076ec00000,0x000000076ec00000,0x000000076f680000)
 ParOldGen       total 175104K, used 0K [0x00000006c0400000, 0x00000006caf00000, 0x000000076ac00000)
  object space 175104K, 0% used [0x00000006c0400000,0x00000006c0400000,0x00000006caf00000)
 Metaspace       used 783K, capacity 1156K, committed 1408K, reserved 1060864K
  class space    used 73K, capacity 384K, committed 384K, reserved 1048576K

Card table byte_map: [0x0000000013c90000,0x0000000014490000] byte_map_base: 0x000000001068e000

Marking Bits: (ParMarkBitMap*) 0x0000000060fe3950
 Begin Bits: [0x0000000014df0000, 0x0000000018de0000)
 End Bits:   [0x0000000018de0000, 0x000000001cdd0000)

Polling page: 0x0000000002630000

CodeCache: size=245760Kb used=328Kb max_used=328Kb free=245431Kb
 bounds [0x00000000048d0000, 0x0000000004b40000, 0x00000000138d0000]
 total_blobs=57 nmethods=0 adapters=38
 compilation: enabled

Compilation events (0 events):
No events

GC Heap History (0 events):
No events

Deoptimization events (0 events):
No events

Classes redefined (0 events):
No events

Internal exceptions (0 events):
No events

Events (10 events):
Event: 0.021 loading class java/lang/Short
Event: 0.022 loading class java/lang/Short done
Event: 0.022 loading class java/lang/Integer
Event: 0.022 loading class java/lang/Integer done
Event: 0.022 loading class java/lang/Long
Event: 0.022 loading class java/lang/Long done
Event: 0.022 loading class java/lang/NullPointerException
Event: 0.022 loading class java/lang/NullPointerException done
Event: 0.022 loading class java/lang/ArithmeticException
Event: 0.022 loading class java/lang/ArithmeticException done


Dynamic libraries:
0x00007ff67b560000 - 0x00007ff67b591000 	C:\Program Files\Android\Android Studio1\jre\bin\java.exe
0x00007ffac33b0000 - 0x00007ffac3590000 	C:\WINDOWS\SYSTEM32\ntdll.dll
0x00007ffac1140000 - 0x00007ffac11ee000 	C:\WINDOWS\System32\KERNEL32.DLL
0x00007ffabf850000 - 0x00007ffabfab6000 	C:\WINDOWS\System32\KERNELBASE.dll
0x00007ffac3290000 - 0x00007ffac3331000 	C:\WINDOWS\System32\ADVAPI32.dll
0x00007ffac31f0000 - 0x00007ffac328d000 	C:\WINDOWS\System32\msvcrt.dll
0x00007ffac3010000 - 0x00007ffac306b000 	C:\WINDOWS\System32\sechost.dll
0x00007ffac1480000 - 0x00007ffac159f000 	C:\WINDOWS\System32\RPCRT4.dll
0x00007ffac0ea0000 - 0x00007ffac102f000 	C:\WINDOWS\System32\USER32.dll
0x00007ffac0860000 - 0x00007ffac0880000 	C:\WINDOWS\System32\win32u.dll
0x00007ffac3340000 - 0x00007ffac3368000 	C:\WINDOWS\System32\GDI32.dll
0x00007ffac0610000 - 0x00007ffac07a3000 	C:\WINDOWS\System32\gdi32full.dll
0x00007ffabf7b0000 - 0x00007ffabf84b000 	C:\WINDOWS\System32\msvcp_win.dll
0x00007ffac0490000 - 0x00007ffac0586000 	C:\WINDOWS\System32\ucrtbase.dll
0x00007ffab5110000 - 0x00007ffab5379000 	C:\WINDOWS\WinSxS\amd64_microsoft.windows.common-controls_6595b64144ccf1df_6.0.16299.309_none_15cfd4c4935e6b11\COMCTL32.dll
0x00007ffac2a50000 - 0x00007ffac2d58000 	C:\WINDOWS\System32\combase.dll
0x00007ffac0590000 - 0x00007ffac0602000 	C:\WINDOWS\System32\bcryptPrimitives.dll
0x00007ffac11f0000 - 0x00007ffac121d000 	C:\WINDOWS\System32\IMM32.DLL
0x0000000060660000 - 0x0000000060732000 	C:\Program Files\Android\Android Studio1\jre\jre\bin\msvcr100.dll
0x0000000060820000 - 0x000000006105e000 	C:\Program Files\Android\Android Studio1\jre\jre\bin\server\jvm.dll
0x00007ffac1030000 - 0x00007ffac1038000 	C:\WINDOWS\System32\PSAPI.DLL
0x00007ffabaf60000 - 0x00007ffabaf69000 	C:\WINDOWS\SYSTEM32\WSOCK32.dll
0x00007ffabd330000 - 0x00007ffabd353000 	C:\WINDOWS\SYSTEM32\WINMM.dll
0x00007ffabba40000 - 0x00007ffabba4a000 	C:\WINDOWS\SYSTEM32\VERSION.dll
0x00007ffac29e0000 - 0x00007ffac2a4c000 	C:\WINDOWS\System32\WS2_32.dll
0x00007ffabcc30000 - 0x00007ffabcc5a000 	C:\WINDOWS\SYSTEM32\WINMMBASE.dll
0x00007ffac0810000 - 0x00007ffac085a000 	C:\WINDOWS\System32\cfgmgr32.dll
0x00007ffabda90000 - 0x00007ffabda9f000 	C:\Program Files\Android\Android Studio1\jre\jre\bin\verify.dll
0x00007ffab9ee0000 - 0x00007ffab9f09000 	C:\Program Files\Android\Android Studio1\jre\jre\bin\java.dll
0x00007ffabb190000 - 0x00007ffabb1a6000 	C:\Program Files\Android\Android Studio1\jre\jre\bin\zip.dll

VM Arguments:
jvm_args: -Djava.awt.headless=true -Dfile.encoding=x-windows-949 -Duser.country=KR -Duser.language=ko -Duser.variant 
java_command: com.android.multidex.ClassReferenceListBuilder C:\project\NewSnailMail(2017-12-20)\app\build\intermediates\multi-dex\release\componentClasses.jar C:\project\NewSnailMail(2017-12-20)\app\build\intermediates\transforms\jarMerging\release\0.jar
java_class_path (initial): C:\AndroidSDK\build-tools\26.0.2\lib\dx.jar
Launcher Type: SUN_STANDARD

Environment Variables:
PATH=C:\ProgramData\Oracle\Java\javapath;C:\WINDOWS\system32;C:\WINDOWS;C:\WINDOWS\System32\Wbem;C:\WINDOWS\System32\WindowsPowerShell\v1.0\;C:\Program Files (x86)\ePapyrus\Papyrus-PlugIn-ntas;C:\Program Files (x86)\ePapyrus\Papyrus-PlugIn-ntas\Addins;C:\Users\찬식\AppData\Local\Microsoft\WindowsApps;C:\Program Files\Bandizip\;
USERNAME=찬식
OS=Windows_NT
PROCESSOR_IDENTIFIER=Intel64 Family 6 Model 42 Stepping 7, GenuineIntel



---------------  S Y S T E M  ---------------

OS: Windows 10.0 , 64 bit Build 16299 (10.0.16299.15)

CPU:total 4 (initial active 4) (4 cores per cpu, 1 threads per core) family 6 model 42 stepping 7, cmov, cx8, fxsr, mmx, sse, sse2, sse3, ssse3, sse4.1, sse4.2, popcnt, avx, aes, clmul, tsc, tscinvbit

Memory: 4k page, physical 16757996k(8705756k free), swap 47886560k(4784k free)

vm_info: OpenJDK 64-Bit Server VM (25.152-b01) for windows-amd64 JRE (1.8.0_152-release-915-b01), built by "builder" with MS VC++ 10.0 (VS2010)

time: Thu Mar 22 20:15:03 2018
elapsed time: 0 seconds (0d 0h 0m 0s)

